Using pre-set license
Built from '2020.3/staging' branch; Version is '2020.3.30f1 (1fb1bf06830e) revision 2077119'; Using compiler version '192528614'; Build Type 'Release'
OS: 'Windows 10  (10.0.19044) 64bit Core' Language: 'en' Physical Memory: 16236 MB
BatchMode: 1, IsHumanControllingUs: 0, StartBugReporterOnCrash: 0, Is64bit: 1, IsPro: 0

COMMAND LINE ARGUMENTS:
C:\Program Files\Unity\Hub\Editor\2020.3.30f1\Editor\Unity.exe
-adb2
-batchMode
-noUpm
-name
AssetImportWorker0
-projectPath
C:/Users/Itzfr/Documents/GitHub/Block3/Block
-logFile
Logs/AssetImportWorker0.log
-srvPort
62483
Successfully changed project path to: C:/Users/Itzfr/Documents/GitHub/Block3/Block
C:/Users/Itzfr/Documents/GitHub/Block3/Block
Using Asset Import Pipeline V2.
Refreshing native plugins compatible for Editor in 73.79 ms, found 3 plugins.
Preloading 0 native plugins for Editor in 0.00 ms.
Initialize engine version: 2020.3.30f1 (1fb1bf06830e)
[Subsystems] Discovering subsystems at path C:/Program Files/Unity/Hub/Editor/2020.3.30f1/Editor/Data/Resources/UnitySubsystems
[Subsystems] Discovering subsystems at path C:/Users/Itzfr/Documents/GitHub/Block3/Block/Assets
GfxDevice: creating device client; threaded=0
Direct3D:
    Version:  Direct3D 11.0 [level 11.1]
    Renderer: NVIDIA GeForce RTX 3060 Laptop GPU (ID=0x2560)
    Vendor:   
    VRAM:     6023 MB
    Driver:   30.0.14.9676
Initialize mono
Mono path[0] = 'C:/Program Files/Unity/Hub/Editor/2020.3.30f1/Editor/Data/Managed'
Mono path[1] = 'C:/Program Files/Unity/Hub/Editor/2020.3.30f1/Editor/Data/MonoBleedingEdge/lib/mono/unityjit'
Mono config path = 'C:/Program Files/Unity/Hub/Editor/2020.3.30f1/Editor/Data/MonoBleedingEdge/etc'
Using monoOptions --debugger-agent=transport=dt_socket,embedding=1,server=y,suspend=n,address=127.0.0.1:56828
Begin MonoManager ReloadAssembly
Registering precompiled unity dll's ...
Register platform support module: C:/Program Files/Unity/Hub/Editor/2020.3.30f1/Editor/Data/PlaybackEngines/WindowsStandaloneSupport/UnityEditor.WindowsStandalone.Extensions.dll
Registered in 0.002501 seconds.
Native extension for WindowsStandalone target not found
Refreshing native plugins compatible for Editor in 67.26 ms, found 3 plugins.
Preloading 0 native plugins for Editor in 0.00 ms.
Mono: successfully reloaded assembly
- Completed reload, in  0.549 seconds
Domain Reload Profiling:
	ReloadAssembly (549ms)
		BeginReloadAssembly (57ms)
			ExecutionOrderSort (0ms)
			DisableScriptedObjects (0ms)
			BackupInstance (0ms)
			ReleaseScriptingObjects (0ms)
			CreateAndSetChildDomain (1ms)
		EndReloadAssembly (425ms)
			LoadAssemblies (55ms)
			RebuildTransferFunctionScriptingTraits (0ms)
			SetupTypeCache (116ms)
			ReleaseScriptCaches (0ms)
			RebuildScriptCaches (27ms)
			SetupLoadedEditorAssemblies (194ms)
				LogAssemblyErrors (0ms)
				InitializePlatformSupportModulesInManaged (6ms)
				SetLoadedEditorAssemblies (0ms)
				RefreshPlugins (67ms)
				BeforeProcessingInitializeOnLoad (16ms)
				ProcessInitializeOnLoadAttributes (75ms)
				ProcessInitializeOnLoadMethodAttributes (29ms)
				AfterProcessingInitializeOnLoad (0ms)
				EditorAssembliesLoaded (0ms)
			ExecutionOrderSort2 (0ms)
			AwakeInstancesAfterBackupRestoration (0ms)
Platform modules already initialized, skipping
Registering precompiled user dll's ...
Registered in 0.005032 seconds.
Begin MonoManager ReloadAssembly
Symbol file LoadedFromMemory doesn't match image C:\Users\Itzfr\Documents\GitHub\Block3\Block\Library\PackageCache\com.unity.visualscripting@1.6.1\Editor\VisualScripting.Core\Dependencies\YamlDotNet\Unity.VisualScripting.YamlDotNet.dll
Symbol file LoadedFromMemory doesn't match image C:\Users\Itzfr\Documents\GitHub\Block3\Block\Library\PackageCache\com.unity.visualscripting@1.6.1\Editor\VisualScripting.Core\Dependencies\DotNetZip\Unity.VisualScripting.IonicZip.dll
Native extension for WindowsStandalone target not found
Refreshing native plugins compatible for Editor in 0.66 ms, found 3 plugins.
Preloading 0 native plugins for Editor in 0.00 ms.
Mono: successfully reloaded assembly
- Completed reload, in  1.003 seconds
Domain Reload Profiling:
	ReloadAssembly (1004ms)
		BeginReloadAssembly (132ms)
			ExecutionOrderSort (0ms)
			DisableScriptedObjects (4ms)
			BackupInstance (0ms)
			ReleaseScriptingObjects (0ms)
			CreateAndSetChildDomain (20ms)
		EndReloadAssembly (812ms)
			LoadAssemblies (94ms)
			RebuildTransferFunctionScriptingTraits (0ms)
			SetupTypeCache (295ms)
			ReleaseScriptCaches (1ms)
			RebuildScriptCaches (53ms)
			SetupLoadedEditorAssemblies (308ms)
				LogAssemblyErrors (0ms)
				InitializePlatformSupportModulesInManaged (5ms)
				SetLoadedEditorAssemblies (0ms)
				RefreshPlugins (1ms)
				BeforeProcessingInitializeOnLoad (94ms)
				ProcessInitializeOnLoadAttributes (198ms)
				ProcessInitializeOnLoadMethodAttributes (4ms)
				AfterProcessingInitializeOnLoad (6ms)
				EditorAssembliesLoaded (0ms)
			ExecutionOrderSort2 (0ms)
			AwakeInstancesAfterBackupRestoration (6ms)
Platform modules already initialized, skipping
========================================================================
Worker process is ready to serve import requests
Launched and connected shader compiler UnityShaderCompiler.exe after 0.05 seconds
Refreshing native plugins compatible for Editor in 0.69 ms, found 3 plugins.
Preloading 0 native plugins for Editor in 0.00 ms.
Unloading 2963 Unused Serialized files (Serialized files now loaded: 0)
System memory in use before: 117.1 MB.
System memory in use after: 117.3 MB.

Unloading 20 unused Assets to reduce memory usage. Loaded Objects now: 3408.
Total: 3.116300 ms (FindLiveObjects: 0.265000 ms CreateObjectMapping: 0.173900 ms MarkObjects: 2.603500 ms  DeleteObjects: 0.073000 ms)

AssetImportParameters requested are different than current active one (requested -> active):
  custom:framework-win-MediaFoundation: 216162199b28c13a410421893ffa2e32 -> 
  custom:video-decoder-ogg-theora: a1e56fd34408186e4bbccfd4996cb3dc -> 
  custom:container-muxer-webm: aa71ff27fc2769a1b78a27578f13a17b -> 
  custom:container-demuxer-webm: 4f35f7cbe854078d1ac9338744f61a02 -> 
  custom:container-demuxer-ogg: 62fdf1f143b41e24485cea50d1cbac27 -> 
  custom:video-encoder-webm-vp8: eb34c28f22e8b96e1ab97ce403110664 -> 
  custom:video-codec-MediaFoundation-h265: 746d11721c4dcdbdad8f713fa42b33f4 -> 
  custom:video-decoder-webm-vp8: 9c59270c3fd7afecdb556c50c9e8de78 -> 
  custom:audio-decoder-ogg-vorbis: bf7c407c2cedff20999df2af8eb42d56 -> 
  custom:audio-encoder-webm-vorbis: bf7c407c2cedff20999df2af8eb42d56 -> 
========================================================================
Received Import Request.
  path: Assets/Prefabs/Room#2.fbx
  artifactKey: Guid(488c2e7788ea06c40a9be704f38515dd) Importer(815301076,1909f56bfc062723c751e8b465ee728b)
Start importing Assets/Prefabs/Room#2.fbx using Guid(488c2e7788ea06c40a9be704f38515dd) Importer(815301076,1909f56bfc062723c751e8b465ee728b)  -> (artifact id: 'c28eb8b339591927599992e7ef492643') in 0.299608 seconds 
========================================================================
Received Import Request.
  Time since last request: 0.000183 seconds.
  path: Assets/Prefabs/Room.prefab
  artifactKey: Guid(af726130f7c1f654c8e2f7f965fc0900) Importer(815301076,1909f56bfc062723c751e8b465ee728b)
Start importing Assets/Prefabs/Room.prefab using Guid(af726130f7c1f654c8e2f7f965fc0900) Importer(815301076,1909f56bfc062723c751e8b465ee728b)  -> (artifact id: 'cc95ad8666cb1af528c9a1741335fe34') in 0.014467 seconds 
========================================================================
Received Import Request.
  Time since last request: 0.000178 seconds.
  path: Assets/Prefabs/Fridge 2.0.fbx
  artifactKey: Guid(8a3b9673bc16b8c42984471b6c7a6371) Importer(815301076,1909f56bfc062723c751e8b465ee728b)
Start importing Assets/Prefabs/Fridge 2.0.fbx using Guid(8a3b9673bc16b8c42984471b6c7a6371) Importer(815301076,1909f56bfc062723c751e8b465ee728b)  -> (artifact id: '0988b2ff0c9e77f3cdcfc9e0339cff73') in 0.062947 seconds 
========================================================================
Received Import Request.
  Time since last request: 0.000180 seconds.
  path: Assets/Prefabs/Room.fbx
  artifactKey: Guid(7b715b843badb7f4a8a7eb52933a51ef) Importer(815301076,1909f56bfc062723c751e8b465ee728b)
Start importing Assets/Prefabs/Room.fbx using Guid(7b715b843badb7f4a8a7eb52933a51ef) Importer(815301076,1909f56bfc062723c751e8b465ee728b)  -> (artifact id: '9605fe6a794697735c6c232f44d8eb18') in 0.082939 seconds 
========================================================================
Received Import Request.
  Time since last request: 88.436177 seconds.
  path: Assets/Code/Managers
  artifactKey: Guid(6e9c43e7f7500134cb70a1cc61547adf) Importer(815301076,1909f56bfc062723c751e8b465ee728b)
Start importing Assets/Code/Managers using Guid(6e9c43e7f7500134cb70a1cc61547adf) Importer(815301076,1909f56bfc062723c751e8b465ee728b)  -> (artifact id: '822691bd878566a041069d2469b40bce') in 0.005576 seconds 
========================================================================
Received Import Request.
  Time since last request: 144.859638 seconds.
  path: Assets/Scenes/main.unity
  artifactKey: Guid(dcf02add641cda94d9f8da8a68375e99) Importer(815301076,1909f56bfc062723c751e8b465ee728b)
Start importing Assets/Scenes/main.unity using Guid(dcf02add641cda94d9f8da8a68375e99) Importer(815301076,1909f56bfc062723c751e8b465ee728b)  -> (artifact id: 'e461c44366decfe05f3b2dca5d71c462') in 0.006064 seconds 
========================================================================
Received Import Request.
  Time since last request: 25.420556 seconds.
  path: Assets/Scenes/main2 Bent.unity
  artifactKey: Guid(a32f85ca4caaa6444a1c17c4d1edb82e) Importer(815301076,1909f56bfc062723c751e8b465ee728b)
Start importing Assets/Scenes/main2 Bent.unity using Guid(a32f85ca4caaa6444a1c17c4d1edb82e) Importer(815301076,1909f56bfc062723c751e8b465ee728b)  -> (artifact id: '9c1d1b9758c555cb904f7ea35bae8789') in 0.005655 seconds 
========================================================================
Received Import Request.
  Time since last request: 0.604488 seconds.
  path: Assets/Scenes/SampleScene.unity
  artifactKey: Guid(9fc0d4010bbf28b4594072e72b8655ab) Importer(815301076,1909f56bfc062723c751e8b465ee728b)
Start importing Assets/Scenes/SampleScene.unity using Guid(9fc0d4010bbf28b4594072e72b8655ab) Importer(815301076,1909f56bfc062723c751e8b465ee728b)  -> (artifact id: 'dcc088d1731b590f9572c6f2bab98c6a') in 0.005424 seconds 
========================================================================
Received Prepare
Registering precompiled user dll's ...
Registered in 0.004018 seconds.
Begin MonoManager ReloadAssembly
Symbol file LoadedFromMemory doesn't match image C:\Users\Itzfr\Documents\GitHub\Block3\Block\Library\PackageCache\com.unity.visualscripting@1.6.1\Editor\VisualScripting.Core\Dependencies\YamlDotNet\Unity.VisualScripting.YamlDotNet.dll
Symbol file LoadedFromMemory doesn't match image C:\Users\Itzfr\Documents\GitHub\Block3\Block\Library\PackageCache\com.unity.visualscripting@1.6.1\Editor\VisualScripting.Core\Dependencies\DotNetZip\Unity.VisualScripting.IonicZip.dll
Native extension for WindowsStandalone target not found
Refreshing native plugins compatible for Editor in 0.65 ms, found 3 plugins.
Preloading 0 native plugins for Editor in 0.00 ms.
Mono: successfully reloaded assembly
- Completed reload, in  0.912 seconds
Domain Reload Profiling:
	ReloadAssembly (912ms)
		BeginReloadAssembly (115ms)
			ExecutionOrderSort (0ms)
			DisableScriptedObjects (3ms)
			BackupInstance (0ms)
			ReleaseScriptingObjects (0ms)
			CreateAndSetChildDomain (38ms)
		EndReloadAssembly (747ms)
			LoadAssemblies (90ms)
			RebuildTransferFunctionScriptingTraits (0ms)
			SetupTypeCache (249ms)
			ReleaseScriptCaches (1ms)
			RebuildScriptCaches (36ms)
			SetupLoadedEditorAssemblies (306ms)
				LogAssemblyErrors (0ms)
				InitializePlatformSupportModulesInManaged (5ms)
				SetLoadedEditorAssemblies (0ms)
				RefreshPlugins (1ms)
				BeforeProcessingInitializeOnLoad (87ms)
				ProcessInitializeOnLoadAttributes (202ms)
				ProcessInitializeOnLoadMethodAttributes (4ms)
				AfterProcessingInitializeOnLoad (7ms)
				EditorAssembliesLoaded (0ms)
			ExecutionOrderSort2 (0ms)
			AwakeInstancesAfterBackupRestoration (7ms)
Platform modules already initialized, skipping
Refreshing native plugins compatible for Editor in 0.70 ms, found 3 plugins.
Preloading 0 native plugins for Editor in 0.00 ms.
Unloading 2957 Unused Serialized files (Serialized files now loaded: 0)
System memory in use before: 120.4 MB.
System memory in use after: 120.6 MB.

Unloading 16 unused Assets to reduce memory usage. Loaded Objects now: 3454.
Total: 3.340000 ms (FindLiveObjects: 0.276100 ms CreateObjectMapping: 0.155200 ms MarkObjects: 2.879600 ms  DeleteObjects: 0.028300 ms)

AssetImportParameters requested are different than current active one (requested -> active):
  custom:framework-win-MediaFoundation: 216162199b28c13a410421893ffa2e32 -> 
  custom:video-decoder-ogg-theora: a1e56fd34408186e4bbccfd4996cb3dc -> 
  custom:container-muxer-webm: aa71ff27fc2769a1b78a27578f13a17b -> 
  custom:container-demuxer-webm: 4f35f7cbe854078d1ac9338744f61a02 -> 
  custom:container-demuxer-ogg: 62fdf1f143b41e24485cea50d1cbac27 -> 
  custom:video-encoder-webm-vp8: eb34c28f22e8b96e1ab97ce403110664 -> 
  custom:video-codec-MediaFoundation-h265: 746d11721c4dcdbdad8f713fa42b33f4 -> 
  custom:video-decoder-webm-vp8: 9c59270c3fd7afecdb556c50c9e8de78 -> 
  custom:audio-decoder-ogg-vorbis: bf7c407c2cedff20999df2af8eb42d56 -> 
  custom:audio-encoder-webm-vorbis: bf7c407c2cedff20999df2af8eb42d56 -> 
========================================================================
Received Import Request.
  Time since last request: 178.158605 seconds.
  path: Assets/Scenes/main2.unity
  artifactKey: Guid(3643be533cd0b3e4daefef6750eb0526) Importer(815301076,1909f56bfc062723c751e8b465ee728b)
Start importing Assets/Scenes/main2.unity using Guid(3643be533cd0b3e4daefef6750eb0526) Importer(815301076,1909f56bfc062723c751e8b465ee728b)  -> (artifact id: '5c6b2c98349dfa7daf67ddad422fdb33') in 0.017582 seconds 
========================================================================
Received Prepare
Registering precompiled user dll's ...
Registered in 0.004051 seconds.
Begin MonoManager ReloadAssembly
Symbol file LoadedFromMemory doesn't match image C:\Users\Itzfr\Documents\GitHub\Block3\Block\Library\PackageCache\com.unity.visualscripting@1.6.1\Editor\VisualScripting.Core\Dependencies\YamlDotNet\Unity.VisualScripting.YamlDotNet.dll
Symbol file LoadedFromMemory doesn't match image C:\Users\Itzfr\Documents\GitHub\Block3\Block\Library\PackageCache\com.unity.visualscripting@1.6.1\Editor\VisualScripting.Core\Dependencies\DotNetZip\Unity.VisualScripting.IonicZip.dll
Native extension for WindowsStandalone target not found
Refreshing native plugins compatible for Editor in 0.65 ms, found 3 plugins.
Preloading 0 native plugins for Editor in 0.00 ms.
Mono: successfully reloaded assembly
- Completed reload, in  0.844 seconds
Domain Reload Profiling:
	ReloadAssembly (844ms)
		BeginReloadAssembly (106ms)
			ExecutionOrderSort (0ms)
			DisableScriptedObjects (4ms)
			BackupInstance (0ms)
			ReleaseScriptingObjects (0ms)
			CreateAndSetChildDomain (36ms)
		EndReloadAssembly (689ms)
			LoadAssemblies (80ms)
			RebuildTransferFunctionScriptingTraits (0ms)
			SetupTypeCache (239ms)
			ReleaseScriptCaches (1ms)
			RebuildScriptCaches (36ms)
			SetupLoadedEditorAssemblies (268ms)
				LogAssemblyErrors (0ms)
				InitializePlatformSupportModulesInManaged (4ms)
				SetLoadedEditorAssemblies (0ms)
				RefreshPlugins (1ms)
				BeforeProcessingInitializeOnLoad (75ms)
				ProcessInitializeOnLoadAttributes (178ms)
				ProcessInitializeOnLoadMethodAttributes (4ms)
				AfterProcessingInitializeOnLoad (6ms)
				EditorAssembliesLoaded (0ms)
			ExecutionOrderSort2 (0ms)
			AwakeInstancesAfterBackupRestoration (6ms)
Platform modules already initialized, skipping
Refreshing native plugins compatible for Editor in 0.64 ms, found 3 plugins.
Preloading 0 native plugins for Editor in 0.00 ms.
Unloading 2957 Unused Serialized files (Serialized files now loaded: 0)
System memory in use before: 120.4 MB.
System memory in use after: 120.6 MB.

Unloading 15 unused Assets to reduce memory usage. Loaded Objects now: 3456.
Total: 3.087400 ms (FindLiveObjects: 0.252000 ms CreateObjectMapping: 0.159200 ms MarkObjects: 2.655200 ms  DeleteObjects: 0.020200 ms)

AssetImportParameters requested are different than current active one (requested -> active):
  custom:framework-win-MediaFoundation: 216162199b28c13a410421893ffa2e32 -> 
  custom:video-decoder-ogg-theora: a1e56fd34408186e4bbccfd4996cb3dc -> 
  custom:container-muxer-webm: aa71ff27fc2769a1b78a27578f13a17b -> 
  custom:container-demuxer-webm: 4f35f7cbe854078d1ac9338744f61a02 -> 
  custom:container-demuxer-ogg: 62fdf1f143b41e24485cea50d1cbac27 -> 
  custom:video-encoder-webm-vp8: eb34c28f22e8b96e1ab97ce403110664 -> 
  custom:video-codec-MediaFoundation-h265: 746d11721c4dcdbdad8f713fa42b33f4 -> 
  custom:video-decoder-webm-vp8: 9c59270c3fd7afecdb556c50c9e8de78 -> 
  custom:audio-decoder-ogg-vorbis: bf7c407c2cedff20999df2af8eb42d56 -> 
  custom:audio-encoder-webm-vorbis: bf7c407c2cedff20999df2af8eb42d56 -> 
========================================================================
Received Import Request.
  Time since last request: 122.563197 seconds.
  path: Assets/Scenes/testing scene nick.unity
  artifactKey: Guid(30e42f29e31c40e4abc509eb9bfaf70b) Importer(815301076,1909f56bfc062723c751e8b465ee728b)
Start importing Assets/Scenes/testing scene nick.unity using Guid(30e42f29e31c40e4abc509eb9bfaf70b) Importer(815301076,1909f56bfc062723c751e8b465ee728b)  -> (artifact id: 'e67f083c904338cb68b720a91bd1f56c') in 0.016735 seconds 
========================================================================
Received Import Request.
  Time since last request: 292.222357 seconds.
  path: Assets/Prefabs
  artifactKey: Guid(ce8a5d167c5fa2d42ad61f3202bede4e) Importer(815301076,1909f56bfc062723c751e8b465ee728b)
Start importing Assets/Prefabs using Guid(ce8a5d167c5fa2d42ad61f3202bede4e) Importer(815301076,1909f56bfc062723c751e8b465ee728b)  -> (artifact id: '2f2e6b5cc806e9c19e278f19c2098f89') in 0.005522 seconds 
========================================================================
Received Import Request.
  Time since last request: 690.332583 seconds.
  path: Assets/Prefabs/light switch .fbx
  artifactKey: Guid(9335bba577f80ef42ab889653d5d45d0) Importer(815301076,1909f56bfc062723c751e8b465ee728b)
Start importing Assets/Prefabs/light switch .fbx using Guid(9335bba577f80ef42ab889653d5d45d0) Importer(815301076,1909f56bfc062723c751e8b465ee728b)  -> (artifact id: '0474da2fa67d14f946056772e638c2ce') in 0.093656 seconds 
========================================================================
Received Import Request.
  Time since last request: 80.411211 seconds.
  path: Assets/Prefabs/light switch .fbx
  artifactKey: Guid(9335bba577f80ef42ab889653d5d45d0) Importer(815301076,1909f56bfc062723c751e8b465ee728b)
Start importing Assets/Prefabs/light switch .fbx using Guid(9335bba577f80ef42ab889653d5d45d0) Importer(815301076,1909f56bfc062723c751e8b465ee728b)  -> (artifact id: '8db517803c42cce82608f4eedaad2783') in 0.036162 seconds 
========================================================================
Received Import Request.
  Time since last request: 59.456491 seconds.
  path: Assets/Prefabs/light switch .mat
  artifactKey: Guid(838a48fa6d84df94bbd234ca014eb66d) Importer(815301076,1909f56bfc062723c751e8b465ee728b)
Start importing Assets/Prefabs/light switch .mat using Guid(838a48fa6d84df94bbd234ca014eb66d) Importer(815301076,1909f56bfc062723c751e8b465ee728b)  -> (artifact id: 'd72cfb70d457d3c32970adf69be6a76e') in 0.014606 seconds 
========================================================================
Received Import Request.
  Time since last request: 24.051682 seconds.
  path: Assets
  artifactKey: Guid(00000000000000001000000000000000) Importer(815301076,1909f56bfc062723c751e8b465ee728b)
Start importing Assets using Guid(00000000000000001000000000000000) Importer(815301076,1909f56bfc062723c751e8b465ee728b)  -> (artifact id: '42d402b061de3733987d63b9cc3b64de') in 0.005343 seconds 
========================================================================
Received Import Request.
  Time since last request: 7.184419 seconds.
  path: Assets/New Folder
  artifactKey: Guid(84c95529743070e4cbe1f8944ca2b657) Importer(815301076,1909f56bfc062723c751e8b465ee728b)
Start importing Assets/New Folder using Guid(84c95529743070e4cbe1f8944ca2b657) Importer(815301076,1909f56bfc062723c751e8b465ee728b)  -> (artifact id: '517b1b320659d6441a0161256c57b8e9') in 0.005544 seconds 
========================================================================
Received Import Request.
  Time since last request: 176.377767 seconds.
  path: Assets/Textures
  artifactKey: Guid(84c95529743070e4cbe1f8944ca2b657) Importer(815301076,1909f56bfc062723c751e8b465ee728b)
Start importing Assets/Textures using Guid(84c95529743070e4cbe1f8944ca2b657) Importer(815301076,1909f56bfc062723c751e8b465ee728b)  -> (artifact id: 'ddfc4fd5fbe229b68ce127a247b6cd67') in 0.005460 seconds 
========================================================================
Received Import Request.
  Time since last request: 40.900197 seconds.
  path: Assets/Textures/light switch .mat
  artifactKey: Guid(838a48fa6d84df94bbd234ca014eb66d) Importer(815301076,1909f56bfc062723c751e8b465ee728b)
Start importing Assets/Textures/light switch .mat using Guid(838a48fa6d84df94bbd234ca014eb66d) Importer(815301076,1909f56bfc062723c751e8b465ee728b)  -> (artifact id: 'dd9e5f8c34451bac1726fdacd12d823b') in 0.012799 seconds 
========================================================================
Received Import Request.
  Time since last request: 4.566421 seconds.
  path: Assets/Scenes/testing scene nick.unity
  artifactKey: Guid(30e42f29e31c40e4abc509eb9bfaf70b) Importer(815301076,1909f56bfc062723c751e8b465ee728b)
Start importing Assets/Scenes/testing scene nick.unity using Guid(30e42f29e31c40e4abc509eb9bfaf70b) Importer(815301076,1909f56bfc062723c751e8b465ee728b)  -> (artifact id: 'ddc1f9388dbbb8f0abe5b07c2f73fc78') in 0.002485 seconds 
AssetImportWorkerClient::OnTransportError - code=2 error=End of file
